<?xml version="1.0" encoding="UTF-8"?>
<testsuite name="Main.LibraryTest" tests="1" skipped="0" failures="0" errors="0" timestamp="2020-10-03T17:57:12" hostname="DESKTOP-BFBAHQ5" time="0.003">
  <properties/>
  <testcase name="testSomeLibraryMethod" classname="Main.LibraryTest" time="0.003"/>
  <system-out><![CDATA[]]></system-out>
  <system-err><![CDATA[]]></system-err>
</testsuite>
